C51 COMPILER V9.54   HCSR04                                                                12/19/2023 01:12:19 PAGE 1   


C51 COMPILER V9.54, COMPILATION OF MODULE HCSR04
OBJECT MODULE PLACED IN .\Objects\HCSR04.obj
COMPILER INVOKED BY: E:\keil\C51\BIN\C51.EXE App\HCSR04\HCSR04.c OPTIMIZE(8,SPEED) BROWSE INCDIR(.\App\lcd1602;.\Public;
                    -.\App\HCSR04;.\App\smg) DEBUG OBJECTEXTEND PRINT(.\Listings\HCSR04.lst) TABS(3) OBJECT(.\Objects\HCSR04.obj)

line level    source

   1          #include "HCSR04.H"
   2          #include "SMG.H"
   3          #include "INTRINS.H"
   4          
   5          bit flag = 0; // 判断是否超出测量范围
   6          
   7          u8 smg_buf[3] = {SMG_NULL, SMG_NULL, SMG_NULL};
   8          u8 timer = 0;
   9          u8 s = 0;
  10          
  11          // 初始化设置定时器0，工作方式为1
  12          void initHcSr04() {
  13   1         TMOD |= 0x01;
  14   1         TH0 = 0;
  15   1         TL0 = 0;
  16   1         TH1 = 0X00;
  17   1         TL1 = 0X00;
  18   1         ET0 = 1; // 允许T0中断
  19   1         ET1 = 1;
  20   1         TR1 = 1; // 开启定时
  21   1         EA = 1; // 开启总开关
  22   1      }
  23          
  24          // 获取前方障碍物的距离
  25          u8 getDistance() {
  26   1         TH0 = 0;
  27   1         TL0 = 0;
  28   1         
  29   1         // 等待接收信号
  30   1         while(!EchoPort);
  31   1         TR0 = 1; // 开始计时
  32   1         while(EchoPort);
  33   1         TR0 = 0; // 计时结束
  34   1         
  35   1         // 计算距离(cm)
  36   1         s = (TH0 * 256 + TL0) * 0.034 / 2;
  37   1         if (s > 50 || flag) {
  38   2            flag = 0;
  39   2            smg_buf[2] = SMG_NULL;
  40   2            smg_buf[1] = SMG_NULL;
  41   2            smg_buf[0] = SMG_NULL;
  42   2         } else {
  43   2            smg_buf[2] = gsmg_dp_buf[s / 100];
  44   2            smg_buf[1] = gsmg_buf[s % 100 / 10];
  45   2            smg_buf[0] = gsmg_buf[s % 10];
  46   2         }
  47   1         return s;
  48   1      }
  49          
  50          // 计时溢出时，说明超出测量范围
  51          void distanceExceed() interrupt 1 {
  52   1         flag = 1;
  53   1      }
  54          
C51 COMPILER V9.54   HCSR04                                                                12/19/2023 01:12:19 PAGE 2   

  55          // 使用定时器来显示数码管和发送超声波信号(1ms延时)
  56          void distanceRestTimer() interrupt 3 {
  57   1         TH1 = 0X00;
  58   1         TL1 = 0X00;
  59   1         display_msg(smg_buf, 3);
  60   1         timer++;
  61   1         if (timer >= 30) {
  62   2            // 发送信号
  63   2            TrigPort = 1;
  64   2            delay_10us(2);
  65   2            TrigPort = 0;
  66   2            timer = 0;
  67   2         }
  68   1      }


MODULE INFORMATION:   STATIC OVERLAYABLE
   CODE SIZE        =    248    ----
   CONSTANT SIZE    =   ----    ----
   XDATA SIZE       =   ----    ----
   PDATA SIZE       =   ----    ----
   DATA SIZE        =      5    ----
   IDATA SIZE       =   ----    ----
   BIT SIZE         =      1    ----
END OF MODULE INFORMATION.


C51 COMPILATION COMPLETE.  0 WARNING(S),  0 ERROR(S)
