C51 COMPILER V9.54   LCD1602                                                               12/19/2023 20:28:31 PAGE 1   


C51 COMPILER V9.54, COMPILATION OF MODULE LCD1602
OBJECT MODULE PLACED IN .\Objects\lcd1602.obj
COMPILER INVOKED BY: E:\keil\C51\BIN\C51.EXE App\lcd1602\lcd1602.c OPTIMIZE(8,SPEED) BROWSE INCDIR(.\App\lcd1602;.\Publi
                    -c;.\App\HCSR04;.\App\smg;.\App\key) DEBUG OBJECTEXTEND PRINT(.\Listings\lcd1602.lst) TABS(3) OBJECT(.\Objects\lcd1602.ob
                    -j)

line level    source

   1          #include "LCD1602.H"
   2          
   3          
   4          // 写入指令
   5          void lcd1602_write_cmd(u8 cmd) {
   6   1         LCD1602_RS = 0;
   7   1         LCD1602_RW = 0;
   8   1         LCD1602_E = 0;
   9   1         LCD_PORT = cmd;
  10   1         delay_ms(1);
  11   1         LCD1602_E = 1;
  12   1         delay_ms(1);
  13   1         LCD1602_E = 0;
  14   1      }
  15          
  16          
  17          // 写入数据
  18          void lcd1602_write_dat(u8 dat) {
  19   1         LCD1602_RS = 1;
  20   1         LCD1602_RW = 0;
  21   1         LCD1602_E = 0;
  22   1         LCD_PORT = dat;
  23   1         delay_ms(1);
  24   1         LCD1602_E = 1;
  25   1         delay_ms(1);
  26   1         LCD1602_E = 0;
  27   1      }
  28          
  29          
  30          // 初始化LCD
  31          void lcd1602_init() {
  32   1         lcd1602_write_cmd(0x38);
  33   1         lcd1602_write_cmd(0x06);
  34   1         lcd1602_write_cmd(0x0c);
  35   1         // 清屏指令
  36   1         lcd1602_write_cmd(0x01);
  37   1      }
  38          
  39          
  40          // 忙信号检测
  41          void lcd1602_check_busy() {
  42   1         do {
  43   2            LCD1602_RS = 0;
  44   2            LCD1602_RW = 1;
  45   2            LCD1602_E = 0;
  46   2            LCD_PORT = 0xff;
  47   2            LCD1602_E = 1;
  48   2         } while(LCD_PORT^7 == 1);
  49   1      }
  50          
  51          
  52          // 将指定的字符串依次写入LCD1602
  53          void lcd1602_display_string(u8 row, u8 col, u8 *str) {
C51 COMPILER V9.54   LCD1602                                                               12/19/2023 20:28:31 PAGE 2   

  54   1         u8 i = 0;
  55   1         if (row > 1 || col > 15) return;
  56   1         while(*str != '\0') {
  57   2            if (row == 0)
  58   2               // 显示在第一行
  59   2               lcd1602_write_cmd(0x80 + col + i); // 位置
  60   2            else
  61   2               // 显示在第二行
  62   2               lcd1602_write_cmd(0x80 + 0x40 + col + i); // 位置
  63   2            lcd1602_write_dat(*str); // 数据
  64   2            i++, str++;
  65   2         }
  66   1      }
  67          
  68          
  69          // 使用字符串更改显示
  70          void lcd1602_updateUseStr(u8 row, u8 *str) {
  71   1         if (row == 0)
  72   1            lcd1602_display_string(0, LCD_LINE1_LEN + 1, str);
  73   1         else
  74   1            lcd1602_display_string(1, LCD_LINE2_LEN + 1, str);
  75   1      }
  76          
  77          
  78          // 使用十六进制进行更改
  79          void lcd1602_updateUseHex(u8 row, u8 buf) {
  80   1         u8 bufs[2] = { 0x00, '\0' };
  81   1         bufs[0] = buf;
  82   1         if (row == 0)
  83   1            lcd1602_display_string(0, LCD_LINE1_LEN + 1, bufs);
  84   1         else
  85   1            lcd1602_display_string(1, LCD_LINE2_LEN + 1, bufs);
  86   1      }
  87          
  88          
  89          // 设置LCD的初始显示字符
  90          void lcd1602_defaultDisplay() {
  91   1         lcd1602_init();
  92   1         lcd1602_display_string(0, 0, LCD_LINE1_TITLE);
  93   1         lcd1602_display_string(1, 0, LCD_LINE2_TITLE);
  94   1      }


MODULE INFORMATION:   STATIC OVERLAYABLE
   CODE SIZE        =    286    ----
   CONSTANT SIZE    =     21    ----
   XDATA SIZE       =   ----    ----
   PDATA SIZE       =   ----    ----
   DATA SIZE        =   ----      13
   IDATA SIZE       =   ----    ----
   BIT SIZE         =   ----    ----
END OF MODULE INFORMATION.


C51 COMPILATION COMPLETE.  0 WARNING(S),  0 ERROR(S)
