C51 COMPILER V9.54   MAIN                                                                  12/21/2023 03:28:23 PAGE 1   


C51 COMPILER V9.54, COMPILATION OF MODULE MAIN
OBJECT MODULE PLACED IN .\Objects\main.obj
COMPILER INVOKED BY: E:\keil\C51\BIN\C51.EXE User\main.c OPTIMIZE(8,SPEED) BROWSE INCDIR(.\App\lcd1602;.\Public;.\App\HC
                    -SR04;.\App\smg;.\App\key;.\App\SG90) DEBUG OBJECTEXTEND PRINT(.\Listings\main.lst) TABS(3) OBJECT(.\Objects\main.obj)

line level    source

   1          #include "LCD1602.H"
   2          #include "SMG.H"
   3          #include "HCSR04.H"
   4          #include "SG90.H"
   5          #include "TIMER.H"
   6          #include "KEY.H"
   7          
   8          void main() {
   9   1         u8 distance = 0;
  10   1         InitTimer();
  11   1         delay_ms(500);
  12   1         while(1) {
  13   2            //StartEngine(); // 启动舵机
  14   2            if (gTimer >= 1000) {
  15   3               // 0.1ms * 1000 = 100ms检测一次前方距离
  16   3               //Hc90SendSignal(); // 发色信号
  17   3               //distance = GetDistance();
  18   3               gTimer = 0;
  19   3            }
  20   2            gAngle = 16;
  21   2         }
  22   1      }
  23          


MODULE INFORMATION:   STATIC OVERLAYABLE
   CODE SIZE        =     34    ----
   CONSTANT SIZE    =   ----    ----
   XDATA SIZE       =   ----    ----
   PDATA SIZE       =   ----    ----
   DATA SIZE        =   ----       1
   IDATA SIZE       =   ----    ----
   BIT SIZE         =   ----    ----
END OF MODULE INFORMATION.


C51 COMPILATION COMPLETE.  0 WARNING(S),  0 ERROR(S)
