C51 COMPILER V9.54   SG90                                                                  12/21/2023 03:28:24 PAGE 1   


C51 COMPILER V9.54, COMPILATION OF MODULE SG90
OBJECT MODULE PLACED IN .\Objects\SG90.obj
COMPILER INVOKED BY: E:\keil\C51\BIN\C51.EXE App\SG90\SG90.c OPTIMIZE(8,SPEED) BROWSE INCDIR(.\App\lcd1602;.\Public;.\Ap
                    -p\HCSR04;.\App\smg;.\App\key;.\App\SG90) DEBUG OBJECTEXTEND PRINT(.\Listings\SG90.lst) TABS(3) OBJECT(.\Objects\SG90.obj
                    -)

line level    source

   1          #include "SG90.H"
   2          
   3          u8 gAngle = 12; // 8-12-17
   4          u8 g_sgTimer = 0;
   5          u8 gEngineFlag; // 舵机开关
   6          
   7          
   8          // 舵机旋转到45度位置（右侧）
   9          void Angle45() {
  10   1         gAngle = 10;
  11   1         delay_ms(500);
  12   1      }
  13          
  14          // 舵机旋转到90度位置（中间）
  15          void Angle90() {
  16   1         gAngle = 13;
  17   1         delay_ms(500);
  18   1      }
  19          
  20          // 舵机旋转到115度位置（左侧）
  21          void Angle115() {
  22   1         gAngle = 20;//舵机转动90度
  23   1         delay_ms(500);
  24   1      }
  25          
  26          void StartEngine() {
  27   1         if(g_sgTimer <= gAngle) //15 == 90°
  28   1            PWM_PORT = 1;
  29   1         else
  30   1            PWM_PORT = 0;
  31   1         g_sgTimer++;
  32   1         if (g_sgTimer >= 200) {
  33   2            //T = 20ms清零
  34   2            g_sgTimer = 0; 
  35   2         }
  36   1      }


MODULE INFORMATION:   STATIC OVERLAYABLE
   CODE SIZE        =     56    ----
   CONSTANT SIZE    =   ----    ----
   XDATA SIZE       =   ----    ----
   PDATA SIZE       =   ----    ----
   DATA SIZE        =      3    ----
   IDATA SIZE       =   ----    ----
   BIT SIZE         =   ----    ----
END OF MODULE INFORMATION.


C51 COMPILATION COMPLETE.  0 WARNING(S),  0 ERROR(S)
