C51 COMPILER V9.54   SMG                                                                   12/21/2023 03:28:24 PAGE 1   


C51 COMPILER V9.54, COMPILATION OF MODULE SMG
OBJECT MODULE PLACED IN .\Objects\smg.obj
COMPILER INVOKED BY: E:\keil\C51\BIN\C51.EXE App\smg\smg.c OPTIMIZE(8,SPEED) BROWSE INCDIR(.\App\lcd1602;.\Public;.\App\
                    -HCSR04;.\App\smg;.\App\key;.\App\SG90) DEBUG OBJECTEXTEND PRINT(.\Listings\smg.lst) TABS(3) OBJECT(.\Objects\smg.obj)

line level    source

   1          #include "SMG.H"
   2          
   3          u8 gsmg_buf[16] = {0xc0,0xf9,0xa4,0xb0,0x99,0x92,0x82,0xf8,0x80,0x90,0x88,0x83,0xc6,0xa1,0x86,0x8e}; // 不
             -带小数点
   4          u8 gsmg_dp_buf[16] = {0x40,0x79,0x24,0x30,0x19,0x12,0x02,0x78,0x00,0x10,0x08,0x03,0x46,0x21,0x06,0x0e}; //
             - 带小数点
   5          u8 smg_buf[3] = {SMG_NULL, SMG_NULL, SMG_NULL};
   6          
   7          /**
   8           * 动态显示数码管
   9           */
  10          void display_msg(u8 dat[], u8 pos) {
  11   1         u8 i;
  12   1         for (i = 0; i < pos; i++) {
  13   2            switch(i) {
  14   3               case 0: SMG_1 = 0, SMG_2 = 1;SMG_3 = 1; break;
  15   3               case 1: SMG_1 = 1, SMG_2 = 0;SMG_3 = 1; break;
  16   3               case 2: SMG_1 = 1, SMG_2 = 1;SMG_3 = 0; break;
  17   3            }
  18   2            SMG_4_PORT = dat[i];
  19   2            delay_10us(20); // 0.1ms
  20   2            SMG_4_PORT = 0xff;
  21   2         }
  22   1      }


MODULE INFORMATION:   STATIC OVERLAYABLE
   CODE SIZE        =     84    ----
   CONSTANT SIZE    =   ----    ----
   XDATA SIZE       =   ----    ----
   PDATA SIZE       =   ----    ----
   DATA SIZE        =     35       5
   IDATA SIZE       =   ----    ----
   BIT SIZE         =   ----    ----
END OF MODULE INFORMATION.


C51 COMPILATION COMPLETE.  0 WARNING(S),  0 ERROR(S)
